<?xml version="1.0" encoding="UTF-8"?>
<testng-results skipped="0" failed="1" ignored="0" total="1" passed="0">
  <reporter-output>
  </reporter-output>
  <suite name="Default suite" duration-ms="17542" started-at="2020-02-22T14:15:41Z" finished-at="2020-02-22T14:15:58Z">
    <groups>
    </groups>
    <test name="Default test" duration-ms="17542" started-at="2020-02-22T14:15:41Z" finished-at="2020-02-22T14:15:58Z">
      <class name="com.falcon.test.smoke.TestSample">
        <test-method status="PASS" signature="precondition()[pri:0, instance:com.falcon.test.smoke.TestSample@cc285f4]" name="precondition" is-config="true" duration-ms="17076" started-at="2020-02-22T14:15:41Z" finished-at="2020-02-22T14:15:58Z">
          <reporter-output>
          </reporter-output>
        </test-method> <!-- precondition -->
        <test-method status="FAIL" signature="testSample()[pri:0, instance:com.falcon.test.smoke.TestSample@cc285f4]" name="testSample" duration-ms="39" started-at="2020-02-22T14:15:58Z" finished-at="2020-02-22T14:15:58Z">
          <exception class="org.junit.ComparisonFailure">
            <message>
              <![CDATA[expected:<[localhost]> but was:<[actiTime-Login]>]]>
            </message>
            <full-stacktrace>
              <![CDATA[org.junit.ComparisonFailure: expected:<[localhost]> but was:<[actiTime-Login]>
at org.junit.Assert.assertEquals(Assert.java:115)
at org.junit.Assert.assertEquals(Assert.java:144)
at com.falcon.test.smoke.TestSample.testSample(TestSample.java:33)
at sun.reflect.NativeMethodAccessorImpl.invoke0(Native Method)
at sun.reflect.NativeMethodAccessorImpl.invoke(Unknown Source)
at sun.reflect.DelegatingMethodAccessorImpl.invoke(Unknown Source)
at java.lang.reflect.Method.invoke(Unknown Source)
at org.testng.internal.MethodInvocationHelper.invokeMethod(MethodInvocationHelper.java:124)
at org.testng.internal.Invoker.invokeMethod(Invoker.java:583)
at org.testng.internal.Invoker.invokeTestMethod(Invoker.java:719)
at org.testng.internal.Invoker.invokeTestMethods(Invoker.java:989)
at org.testng.internal.TestMethodWorker.invokeTestMethods(TestMethodWorker.java:125)
at org.testng.internal.TestMethodWorker.run(TestMethodWorker.java:109)
at org.testng.TestRunner.privateRun(TestRunner.java:648)
at org.testng.TestRunner.run(TestRunner.java:505)
at org.testng.SuiteRunner.runTest(SuiteRunner.java:455)
at org.testng.SuiteRunner.runSequentially(SuiteRunner.java:450)
at org.testng.SuiteRunner.privateRun(SuiteRunner.java:415)
at org.testng.SuiteRunner.run(SuiteRunner.java:364)
at org.testng.SuiteRunnerWorker.runSuite(SuiteRunnerWorker.java:52)
at org.testng.SuiteRunnerWorker.run(SuiteRunnerWorker.java:84)
at org.testng.TestNG.runSuitesSequentially(TestNG.java:1208)
at org.testng.TestNG.runSuitesLocally(TestNG.java:1137)
at org.testng.TestNG.runSuites(TestNG.java:1049)
at org.testng.TestNG.run(TestNG.java:1017)
at org.testng.remote.AbstractRemoteTestNG.run(AbstractRemoteTestNG.java:114)
at org.testng.remote.RemoteTestNG.initAndRun(RemoteTestNG.java:251)
at org.testng.remote.RemoteTestNG.main(RemoteTestNG.java:77)
]]>
            </full-stacktrace>
          </exception> <!-- org.junit.ComparisonFailure -->
          <reporter-output>
          </reporter-output>
        </test-method> <!-- testSample -->
        <test-method status="PASS" signature="postcondition()[pri:0, instance:com.falcon.test.smoke.TestSample@cc285f4]" name="postcondition" is-config="true" duration-ms="367" started-at="2020-02-22T14:15:58Z" finished-at="2020-02-22T14:15:58Z">
          <reporter-output>
          </reporter-output>
        </test-method> <!-- postcondition -->
      </class> <!-- com.falcon.test.smoke.TestSample -->
    </test> <!-- Default test -->
  </suite> <!-- Default suite -->
</testng-results>
